
*** Running vivado
    with args -log vga.vdi -applog -m64 -product Vivado -messageDb vivado.pb -mode batch -source vga.tcl -notrace



****** Vivado v2023.2 (64-bit)
  **** SW Build 4029153 on Fri Oct 13 20:14:34 MDT 2023
  **** IP Build 4028589 on Sat Oct 14 00:45:43 MDT 2023
  **** SharedData Build 4025554 on Tue Oct 10 17:18:54 MDT 2023
    ** Copyright 1986-2022 Xilinx, Inc. All Rights Reserved.
    ** Copyright 2022-2023 Advanced Micro Devices, Inc. All Rights Reserved.

source vga.tcl -notrace

*** Running vivado
    with args -log vga.vdi -applog -m64 -product Vivado -messageDb vivado.pb -mode batch -source vga.tcl -notrace



****** Vivado v2023.2 (64-bit)
  **** SW Build 4029153 on Fri Oct 13 20:14:34 MDT 2023
  **** IP Build 4028589 on Sat Oct 14 00:45:43 MDT 2023
  **** SharedData Build 4025554 on Tue Oct 10 17:18:54 MDT 2023
    ** Copyright 1986-2022 Xilinx, Inc. All Rights Reserved.
    ** Copyright 2022-2023 Advanced Micro Devices, Inc. All Rights Reserved.

source vga.tcl -notrace
Command: link_design -top vga -part xc7a100tcsg324-1
Design is defaulting to srcset: sources_1
Design is defaulting to constrset: constrs_1
INFO: [Device 21-403] Loading part xc7a100tcsg324-1
Netlist sorting complete. Time (s): cpu = 00:00:00 ; elapsed = 00:00:00.007 . Memory (MB): peak = 978.199 ; gain = 0.000
INFO: [Netlist 29-17] Analyzing 121 Unisim elements for replacement
INFO: [Netlist 29-28] Unisim Transformation completed in 0 CPU seconds
INFO: [Project 1-479] Netlist was created with Vivado 2023.2
INFO: [Project 1-570] Preparing netlist for logic optimization
Parsing XDC File [C:/Users/james/Documents/vga/vga.srcs/constrs_1/new/vga.xdc]
CRITICAL WARNING: [Common 17-165] Too many positional options when parsing 'period', please type 'create_clock -help' for usage info. [C:/Users/james/Documents/vga/vga.srcs/constrs_1/new/vga.xdc:7]
Finished Parsing XDC File [C:/Users/james/Documents/vga/vga.srcs/constrs_1/new/vga.xdc]
INFO: [Opt 31-138] Pushed 0 inverter(s) to 0 load pin(s).
Netlist sorting complete. Time (s): cpu = 00:00:00 ; elapsed = 00:00:00.001 . Memory (MB): peak = 1102.758 ; gain = 0.000
INFO: [Project 1-111] Unisim Transformation Summary:
No Unisim elements were transformed.

The system cannot find the path specified.
7 Infos, 0 Warnings, 1 Critical Warnings and 0 Errors encountered.
link_design completed successfully
Command: opt_design
Attempting to get a license for feature 'Implementation' and/or device 'xc7a100t'
INFO: [Common 17-349] Got license for feature 'Implementation' and/or device 'xc7a100t'
Running DRC as a precondition to command opt_design

Starting DRC Task
INFO: [DRC 23-27] Running DRC with 20 threads
INFO: [Project 1-461] DRC finished with 0 Errors
INFO: [Project 1-462] Please refer to the DRC report (report_drc) for more information.

Time (s): cpu = 00:00:01 ; elapsed = 00:00:00.604 . Memory (MB): peak = 1129.141 ; gain = 21.395

Starting Cache Timing Information Task
INFO: [Timing 38-35] Done setting XDC timing constraints.
Ending Cache Timing Information Task | Checksum: 16679ec0a

Time (s): cpu = 00:00:02 ; elapsed = 00:00:05 . Memory (MB): peak = 1685.547 ; gain = 556.406

Starting Logic Optimization Task

Phase 1 Initialization

Phase 1.1 Core Generation And Design Setup
Phase 1.1 Core Generation And Design Setup | Checksum: 16679ec0a

Time (s): cpu = 00:00:00 ; elapsed = 00:00:00 . Memory (MB): peak = 2053.059 ; gain = 0.000

Phase 1.2 Setup Constraints And Sort Netlist
Phase 1.2 Setup Constraints And Sort Netlist | Checksum: 16679ec0a

Time (s): cpu = 00:00:00 ; elapsed = 00:00:00.001 . Memory (MB): peak = 2053.059 ; gain = 0.000
Phase 1 Initialization | Checksum: 16679ec0a

Time (s): cpu = 00:00:00 ; elapsed = 00:00:00.001 . Memory (MB): peak = 2053.059 ; gain = 0.000

Phase 2 Timer Update And Timing Data Collection

Phase 2.1 Timer Update
Phase 2.1 Timer Update | Checksum: 16679ec0a

Time (s): cpu = 00:00:00 ; elapsed = 00:00:00.013 . Memory (MB): peak = 2053.059 ; gain = 0.000

Phase 2.2 Timing Data Collection
Phase 2.2 Timing Data Collection | Checksum: 16679ec0a

Time (s): cpu = 00:00:00 ; elapsed = 00:00:00.016 . Memory (MB): peak = 2053.059 ; gain = 0.000
Phase 2 Timer Update And Timing Data Collection | Checksum: 16679ec0a

Time (s): cpu = 00:00:00 ; elapsed = 00:00:00.016 . Memory (MB): peak = 2053.059 ; gain = 0.000

Phase 3 Retarget
INFO: [Opt 31-1566] Pulled 1 inverters resulting in an inversion of 3 pins
INFO: [Opt 31-138] Pushed 0 inverter(s) to 0 load pin(s).
INFO: [Opt 31-49] Retargeted 0 cell(s).
Phase 3 Retarget | Checksum: b4b20813

Time (s): cpu = 00:00:00 ; elapsed = 00:00:00.029 . Memory (MB): peak = 2053.059 ; gain = 0.000
Retarget | Checksum: b4b20813
INFO: [Opt 31-389] Phase Retarget created 0 cells and removed 1 cells

Phase 4 Constant propagation
INFO: [Opt 31-138] Pushed 0 inverter(s) to 0 load pin(s).
Phase 4 Constant propagation | Checksum: b4b20813

Time (s): cpu = 00:00:00 ; elapsed = 00:00:00.036 . Memory (MB): peak = 2053.059 ; gain = 0.000
Constant propagation | Checksum: b4b20813
INFO: [Opt 31-389] Phase Constant propagation created 0 cells and removed 0 cells

Phase 5 Sweep
Phase 5 Sweep | Checksum: 88dbd75c

Time (s): cpu = 00:00:00 ; elapsed = 00:00:00.043 . Memory (MB): peak = 2053.059 ; gain = 0.000
Sweep | Checksum: 88dbd75c
INFO: [Opt 31-389] Phase Sweep created 0 cells and removed 0 cells

Phase 6 BUFG optimization
INFO: [Opt 31-194] Inserted BUFG lineClk_reg_n_0_BUFG_inst to drive 31 load(s) on clock net lineClk_reg_n_0_BUFG
INFO: [Opt 31-193] Inserted 1 BUFG(s) on clock nets
Phase 6 BUFG optimization | Checksum: 105eb5ce4

Time (s): cpu = 00:00:00 ; elapsed = 00:00:00.066 . Memory (MB): peak = 2053.059 ; gain = 0.000
BUFG optimization | Checksum: 105eb5ce4
INFO: [Opt 31-662] Phase BUFG optimization created 1 cells of which 1 are BUFGs and removed 0 cells.

Phase 7 Shift Register Optimization
INFO: [Opt 31-1064] SRL Remap converted 0 SRLs to 0 registers and converted 0 registers of register chains to 0 SRLs
Phase 7 Shift Register Optimization | Checksum: 105eb5ce4

Time (s): cpu = 00:00:00 ; elapsed = 00:00:00.067 . Memory (MB): peak = 2053.059 ; gain = 0.000
Shift Register Optimization | Checksum: 105eb5ce4
INFO: [Opt 31-389] Phase Shift Register Optimization created 0 cells and removed 0 cells

Phase 8 Post Processing Netlist
Phase 8 Post Processing Netlist | Checksum: 105eb5ce4

Time (s): cpu = 00:00:00 ; elapsed = 00:00:00.070 . Memory (MB): peak = 2053.059 ; gain = 0.000
Post Processing Netlist | Checksum: 105eb5ce4
INFO: [Opt 31-389] Phase Post Processing Netlist created 0 cells and removed 0 cells

Phase 9 Finalization

Phase 9.1 Finalizing Design Cores and Updating Shapes
Phase 9.1 Finalizing Design Cores and Updating Shapes | Checksum: d551731e

Time (s): cpu = 00:00:00 ; elapsed = 00:00:00.097 . Memory (MB): peak = 2053.059 ; gain = 0.000

Phase 9.2 Verifying Netlist Connectivity

Starting Connectivity Check Task

Time (s): cpu = 00:00:00 ; elapsed = 00:00:00.002 . Memory (MB): peak = 2053.059 ; gain = 0.000
Phase 9.2 Verifying Netlist Connectivity | Checksum: d551731e

Time (s): cpu = 00:00:00 ; elapsed = 00:00:00.099 . Memory (MB): peak = 2053.059 ; gain = 0.000
Phase 9 Finalization | Checksum: d551731e

Time (s): cpu = 00:00:00 ; elapsed = 00:00:00.099 . Memory (MB): peak = 2053.059 ; gain = 0.000
Opt_design Change Summary
=========================


-------------------------------------------------------------------------------------------------------------------------
|  Phase                        |  #Cells created  |  #Cells Removed  |  #Constrained objects preventing optimizations  |
-------------------------------------------------------------------------------------------------------------------------
|  Retarget                     |               0  |               1  |                                              0  |
|  Constant propagation         |               0  |               0  |                                              0  |
|  Sweep                        |               0  |               0  |                                              0  |
|  BUFG optimization            |               1  |               0  |                                              0  |
|  Shift Register Optimization  |               0  |               0  |                                              0  |
|  Post Processing Netlist      |               0  |               0  |                                              0  |
-------------------------------------------------------------------------------------------------------------------------


Ending Logic Optimization Task | Checksum: d551731e

Time (s): cpu = 00:00:00 ; elapsed = 00:00:00.100 . Memory (MB): peak = 2053.059 ; gain = 0.000
INFO: [Constraints 18-11670] Building netlist checker database with flags, 0x8
Done building netlist checker database: Time (s): cpu = 00:00:00 ; elapsed = 00:00:00 . Memory (MB): peak = 2053.059 ; gain = 0.000

Starting Power Optimization Task
INFO: [Pwropt 34-132] Skipping clock gating for clocks with a period < 2.00 ns.
Ending Power Optimization Task | Checksum: d551731e

Time (s): cpu = 00:00:00 ; elapsed = 00:00:00.010 . Memory (MB): peak = 2053.059 ; gain = 0.000

Starting Final Cleanup Task
Ending Final Cleanup Task | Checksum: d551731e

Time (s): cpu = 00:00:00 ; elapsed = 00:00:00 . Memory (MB): peak = 2053.059 ; gain = 0.000

Starting Netlist Obfuscation Task
Netlist sorting complete. Time (s): cpu = 00:00:00 ; elapsed = 00:00:00 . Memory (MB): peak = 2053.059 ; gain = 0.000
Ending Netlist Obfuscation Task | Checksum: d551731e

Time (s): cpu = 00:00:00 ; elapsed = 00:00:00.001 . Memory (MB): peak = 2053.059 ; gain = 0.000
INFO: [Common 17-83] Releasing license: Implementation
28 Infos, 0 Warnings, 1 Critical Warnings and 0 Errors encountered.
opt_design completed successfully
opt_design: Time (s): cpu = 00:00:05 ; elapsed = 00:00:07 . Memory (MB): peak = 2053.059 ; gain = 945.312
INFO: [runtcl-4] Executing : report_drc -file vga_drc_opted.rpt -pb vga_drc_opted.pb -rpx vga_drc_opted.rpx
Command: report_drc -file vga_drc_opted.rpt -pb vga_drc_opted.pb -rpx vga_drc_opted.rpx
INFO: [IP_Flow 19-234] Refreshing IP repositories
INFO: [IP_Flow 19-1704] No user IP repositories specified
INFO: [IP_Flow 19-2313] Loaded Vivado IP repository 'C:/Xilinx/Vivado/2023.2/data/ip'.
INFO: [DRC 23-27] Running DRC with 20 threads
INFO: [Vivado_Tcl 2-168] The results of DRC are in file C:/Users/james/Documents/vga/vga.runs/impl_1/vga_drc_opted.rpt.
report_drc completed successfully
INFO: [Timing 38-480] Writing timing data to binary archive.
Write ShapeDB Complete: Time (s): cpu = 00:00:00 ; elapsed = 00:00:00.001 . Memory (MB): peak = 2053.059 ; gain = 0.000
Wrote PlaceDB: Time (s): cpu = 00:00:00 ; elapsed = 00:00:00.001 . Memory (MB): peak = 2053.059 ; gain = 0.000
Wrote PulsedLatchDB: Time (s): cpu = 00:00:00 ; elapsed = 00:00:00.001 . Memory (MB): peak = 2053.059 ; gain = 0.000
Writing XDEF routing.
Writing XDEF routing logical nets.
Writing XDEF routing special nets.
Wrote RouteStorage: Time (s): cpu = 00:00:00 ; elapsed = 00:00:00.011 . Memory (MB): peak = 2053.059 ; gain = 0.000
Wrote Netlist Cache: Time (s): cpu = 00:00:00 ; elapsed = 00:00:00 . Memory (MB): peak = 2053.059 ; gain = 0.000
Wrote Device Cache: Time (s): cpu = 00:00:00 ; elapsed = 00:00:00.003 . Memory (MB): peak = 2053.059 ; gain = 0.000
Write Physdb Complete: Time (s): cpu = 00:00:00 ; elapsed = 00:00:00.018 . Memory (MB): peak = 2053.059 ; gain = 0.000
INFO: [Common 17-1381] The checkpoint 'C:/Users/james/Documents/vga/vga.runs/impl_1/vga_opt.dcp' has been generated.
Command: place_design
Attempting to get a license for feature 'Implementation' and/or device 'xc7a100t'
INFO: [Common 17-349] Got license for feature 'Implementation' and/or device 'xc7a100t'
INFO: [Common 17-83] Releasing license: Implementation
INFO: [DRC 23-27] Running DRC with 20 threads
INFO: [Vivado_Tcl 4-198] DRC finished with 0 Errors
INFO: [Vivado_Tcl 4-199] Please refer to the DRC report (report_drc) for more information.
Running DRC as a precondition to command place_design
INFO: [DRC 23-27] Running DRC with 20 threads
INFO: [Vivado_Tcl 4-198] DRC finished with 0 Errors
INFO: [Vivado_Tcl 4-199] Please refer to the DRC report (report_drc) for more information.
INFO: [Place 30-611] Multithreading enabled for place_design using a maximum of 20 CPUs

Starting Placer Task

Phase 1 Placer Initialization

Phase 1.1 Placer Initialization Netlist Sorting
Netlist sorting complete. Time (s): cpu = 00:00:00 ; elapsed = 00:00:00 . Memory (MB): peak = 2053.059 ; gain = 0.000
Phase 1.1 Placer Initialization Netlist Sorting | Checksum: 7aedd225

Time (s): cpu = 00:00:00 ; elapsed = 00:00:00 . Memory (MB): peak = 2053.059 ; gain = 0.000
Netlist sorting complete. Time (s): cpu = 00:00:00 ; elapsed = 00:00:00 . Memory (MB): peak = 2053.059 ; gain = 0.000

Phase 1.2 IO Placement/ Clock Placement/ Build Placer Device
INFO: [Timing 38-35] Done setting XDC timing constraints.
Phase 1.2 IO Placement/ Clock Placement/ Build Placer Device | Checksum: 11fe61d6a

Time (s): cpu = 00:00:01 ; elapsed = 00:00:00.544 . Memory (MB): peak = 2053.059 ; gain = 0.000

Phase 1.3 Build Placer Netlist Model
Phase 1.3 Build Placer Netlist Model | Checksum: 15a27be48

Time (s): cpu = 00:00:01 ; elapsed = 00:00:00.607 . Memory (MB): peak = 2053.059 ; gain = 0.000

Phase 1.4 Constrain Clocks/Macros
Phase 1.4 Constrain Clocks/Macros | Checksum: 15a27be48

Time (s): cpu = 00:00:01 ; elapsed = 00:00:00.609 . Memory (MB): peak = 2053.059 ; gain = 0.000
Phase 1 Placer Initialization | Checksum: 15a27be48

Time (s): cpu = 00:00:01 ; elapsed = 00:00:00.611 . Memory (MB): peak = 2053.059 ; gain = 0.000

Phase 2 Global Placement

Phase 2.1 Floorplanning
Phase 2.1 Floorplanning | Checksum: 15a27be48

Time (s): cpu = 00:00:01 ; elapsed = 00:00:00.613 . Memory (MB): peak = 2053.059 ; gain = 0.000

Phase 2.2 Update Timing before SLR Path Opt
Phase 2.2 Update Timing before SLR Path Opt | Checksum: 15a27be48

Time (s): cpu = 00:00:01 ; elapsed = 00:00:00.614 . Memory (MB): peak = 2053.059 ; gain = 0.000

Phase 2.3 Post-Processing in Floorplanning
Phase 2.3 Post-Processing in Floorplanning | Checksum: 15a27be48

Time (s): cpu = 00:00:01 ; elapsed = 00:00:00.614 . Memory (MB): peak = 2053.059 ; gain = 0.000

Phase 2.4 Global Placement Core
WARNING: [Place 46-29] Timing had been disabled during Placer and, therefore, physical synthesis in Placer will be skipped.
Phase 2.4 Global Placement Core | Checksum: 1c54d897d

Time (s): cpu = 00:00:05 ; elapsed = 00:00:05 . Memory (MB): peak = 2053.059 ; gain = 0.000
Phase 2 Global Placement | Checksum: 1c54d897d

Time (s): cpu = 00:00:05 ; elapsed = 00:00:05 . Memory (MB): peak = 2053.059 ; gain = 0.000

Phase 3 Detail Placement

Phase 3.1 Commit Multi Column Macros
Phase 3.1 Commit Multi Column Macros | Checksum: 1c54d897d

Time (s): cpu = 00:00:05 ; elapsed = 00:00:05 . Memory (MB): peak = 2053.059 ; gain = 0.000

Phase 3.2 Commit Most Macros & LUTRAMs
Phase 3.2 Commit Most Macros & LUTRAMs | Checksum: 1f802df27

Time (s): cpu = 00:00:05 ; elapsed = 00:00:05 . Memory (MB): peak = 2053.059 ; gain = 0.000

Phase 3.3 Area Swap Optimization
Phase 3.3 Area Swap Optimization | Checksum: 2483c3c15

Time (s): cpu = 00:00:05 ; elapsed = 00:00:05 . Memory (MB): peak = 2053.059 ; gain = 0.000

Phase 3.4 Pipeline Register Optimization
Phase 3.4 Pipeline Register Optimization | Checksum: 2483c3c15

Time (s): cpu = 00:00:05 ; elapsed = 00:00:05 . Memory (MB): peak = 2053.059 ; gain = 0.000

Phase 3.5 Small Shape Detail Placement
Phase 3.5 Small Shape Detail Placement | Checksum: 2018ae0ac

Time (s): cpu = 00:00:05 ; elapsed = 00:00:05 . Memory (MB): peak = 2053.059 ; gain = 0.000

Phase 3.6 Re-assign LUT pins
Phase 3.6 Re-assign LUT pins | Checksum: 2018ae0ac

Time (s): cpu = 00:00:05 ; elapsed = 00:00:05 . Memory (MB): peak = 2053.059 ; gain = 0.000

Phase 3.7 Pipeline Register Optimization
Phase 3.7 Pipeline Register Optimization | Checksum: 2018ae0ac

Time (s): cpu = 00:00:05 ; elapsed = 00:00:05 . Memory (MB): peak = 2053.059 ; gain = 0.000
Phase 3 Detail Placement | Checksum: 2018ae0ac

Time (s): cpu = 00:00:05 ; elapsed = 00:00:05 . Memory (MB): peak = 2053.059 ; gain = 0.000

Phase 4 Post Placement Optimization and Clean-Up

Phase 4.1 Post Commit Optimization
Phase 4.1 Post Commit Optimization | Checksum: 2018ae0ac

Time (s): cpu = 00:00:05 ; elapsed = 00:00:05 . Memory (MB): peak = 2053.059 ; gain = 0.000

Phase 4.2 Post Placement Cleanup
Phase 4.2 Post Placement Cleanup | Checksum: 2018ae0ac

Time (s): cpu = 00:00:05 ; elapsed = 00:00:05 . Memory (MB): peak = 2053.059 ; gain = 0.000

Phase 4.3 Placer Reporting

Phase 4.3.1 Print Estimated Congestion
INFO: [Place 30-612] Post-Placement Estimated Congestion 
 ____________________________________________________
|           | Global Congestion | Short Congestion  |
| Direction | Region Size       | Region Size       |
|___________|___________________|___________________|
|      North|                1x1|                1x1|
|___________|___________________|___________________|
|      South|                1x1|                1x1|
|___________|___________________|___________________|
|       East|                1x1|                1x1|
|___________|___________________|___________________|
|       West|                1x1|                1x1|
|___________|___________________|___________________|

Phase 4.3.1 Print Estimated Congestion | Checksum: 2018ae0ac

Time (s): cpu = 00:00:05 ; elapsed = 00:00:05 . Memory (MB): peak = 2053.059 ; gain = 0.000
Phase 4.3 Placer Reporting | Checksum: 2018ae0ac

Time (s): cpu = 00:00:05 ; elapsed = 00:00:06 . Memory (MB): peak = 2053.059 ; gain = 0.000

Phase 4.4 Final Placement Cleanup
Netlist sorting complete. Time (s): cpu = 00:00:00 ; elapsed = 00:00:00 . Memory (MB): peak = 2053.059 ; gain = 0.000

Time (s): cpu = 00:00:05 ; elapsed = 00:00:06 . Memory (MB): peak = 2053.059 ; gain = 0.000
Phase 4 Post Placement Optimization and Clean-Up | Checksum: 1b15da112

Time (s): cpu = 00:00:05 ; elapsed = 00:00:06 . Memory (MB): peak = 2053.059 ; gain = 0.000
Ending Placer Task | Checksum: 13de07455

Time (s): cpu = 00:00:05 ; elapsed = 00:00:06 . Memory (MB): peak = 2053.059 ; gain = 0.000
47 Infos, 1 Warnings, 1 Critical Warnings and 0 Errors encountered.
place_design completed successfully
place_design: Time (s): cpu = 00:00:05 ; elapsed = 00:00:06 . Memory (MB): peak = 2053.059 ; gain = 0.000
INFO: [runtcl-4] Executing : report_io -file vga_io_placed.rpt
report_io: Time (s): cpu = 00:00:00 ; elapsed = 00:00:00.040 . Memory (MB): peak = 2053.059 ; gain = 0.000
INFO: [runtcl-4] Executing : report_utilization -file vga_utilization_placed.rpt -pb vga_utilization_placed.pb
INFO: [runtcl-4] Executing : report_control_sets -verbose -file vga_control_sets_placed.rpt
report_control_sets: Time (s): cpu = 00:00:00 ; elapsed = 00:00:00.002 . Memory (MB): peak = 2053.059 ; gain = 0.000
INFO: [Timing 38-480] Writing timing data to binary archive.
Write ShapeDB Complete: Time (s): cpu = 00:00:00 ; elapsed = 00:00:00.002 . Memory (MB): peak = 2065.988 ; gain = 5.977
Wrote PlaceDB: Time (s): cpu = 00:00:00 ; elapsed = 00:00:00.064 . Memory (MB): peak = 2065.988 ; gain = 5.965
Wrote PulsedLatchDB: Time (s): cpu = 00:00:00 ; elapsed = 00:00:00 . Memory (MB): peak = 2065.988 ; gain = 0.000
Writing XDEF routing.
Writing XDEF routing logical nets.
Writing XDEF routing special nets.
Wrote RouteStorage: Time (s): cpu = 00:00:00 ; elapsed = 00:00:00.013 . Memory (MB): peak = 2065.988 ; gain = 0.000
Wrote Netlist Cache: Time (s): cpu = 00:00:00 ; elapsed = 00:00:00.002 . Memory (MB): peak = 2065.988 ; gain = 0.000
Wrote Device Cache: Time (s): cpu = 00:00:00 ; elapsed = 00:00:00.004 . Memory (MB): peak = 2065.988 ; gain = 0.000
Write Physdb Complete: Time (s): cpu = 00:00:00 ; elapsed = 00:00:00.085 . Memory (MB): peak = 2065.988 ; gain = 5.977
INFO: [Common 17-1381] The checkpoint 'C:/Users/james/Documents/vga/vga.runs/impl_1/vga_placed.dcp' has been generated.
Command: phys_opt_design
Attempting to get a license for feature 'Implementation' and/or device 'xc7a100t'
INFO: [Common 17-349] Got license for feature 'Implementation' and/or device 'xc7a100t'

Starting Initial Update Timing Task

Time (s): cpu = 00:00:00 ; elapsed = 00:00:00.033 . Memory (MB): peak = 2074.875 ; gain = 8.887
INFO: [Vivado_Tcl 4-235] No timing constraint found. The netlist was not modified.
INFO: [Common 17-83] Releasing license: Implementation
55 Infos, 1 Warnings, 1 Critical Warnings and 0 Errors encountered.
phys_opt_design completed successfully
INFO: [Timing 38-480] Writing timing data to binary archive.
Write ShapeDB Complete: Time (s): cpu = 00:00:00 ; elapsed = 00:00:00.002 . Memory (MB): peak = 2098.730 ; gain = 5.965
Wrote PlaceDB: Time (s): cpu = 00:00:00 ; elapsed = 00:00:00.065 . Memory (MB): peak = 2098.738 ; gain = 5.973
Wrote PulsedLatchDB: Time (s): cpu = 00:00:00 ; elapsed = 00:00:00 . Memory (MB): peak = 2098.738 ; gain = 0.000
Writing XDEF routing.
Writing XDEF routing logical nets.
Writing XDEF routing special nets.
Wrote RouteStorage: Time (s): cpu = 00:00:00 ; elapsed = 00:00:00.014 . Memory (MB): peak = 2098.738 ; gain = 0.000
Wrote Netlist Cache: Time (s): cpu = 00:00:00 ; elapsed = 00:00:00.001 . Memory (MB): peak = 2098.738 ; gain = 0.000
Wrote Device Cache: Time (s): cpu = 00:00:00 ; elapsed = 00:00:00.004 . Memory (MB): peak = 2098.738 ; gain = 0.000
Write Physdb Complete: Time (s): cpu = 00:00:00 ; elapsed = 00:00:00.091 . Memory (MB): peak = 2098.738 ; gain = 5.973
INFO: [Common 17-1381] The checkpoint 'C:/Users/james/Documents/vga/vga.runs/impl_1/vga_physopt.dcp' has been generated.
Command: route_design
Attempting to get a license for feature 'Implementation' and/or device 'xc7a100t'
INFO: [Common 17-349] Got license for feature 'Implementation' and/or device 'xc7a100t'
Running DRC as a precondition to command route_design
INFO: [DRC 23-27] Running DRC with 20 threads
INFO: [Vivado_Tcl 4-198] DRC finished with 0 Errors
INFO: [Vivado_Tcl 4-199] Please refer to the DRC report (report_drc) for more information.


Starting Routing Task
INFO: [Route 35-254] Multithreading enabled for route_design using a maximum of 8 CPUs

Phase 1 Build RT Design
Checksum: PlaceDB: ed255003 ConstDB: 0 ShapeSum: 50bb2452 RouteDB: 0
Post Restoration Checksum: NetGraph: a5b02f1 | NumContArr: 65bf0a03 | Constraints: c2a8fa9d | Timing: c2a8fa9d
Phase 1 Build RT Design | Checksum: 1f56c022e

Time (s): cpu = 00:00:08 ; elapsed = 00:00:20 . Memory (MB): peak = 2205.078 ; gain = 84.922

Phase 2 Router Initialization
INFO: [Route 35-64] No timing constraints were detected. The router will operate in resource-optimization mode.

Phase 2.1 Fix Topology Constraints
Phase 2.1 Fix Topology Constraints | Checksum: 1f56c022e

Time (s): cpu = 00:00:08 ; elapsed = 00:00:20 . Memory (MB): peak = 2236.242 ; gain = 116.086

Phase 2.2 Pre Route Cleanup
Phase 2.2 Pre Route Cleanup | Checksum: 1f56c022e

Time (s): cpu = 00:00:08 ; elapsed = 00:00:20 . Memory (MB): peak = 2236.242 ; gain = 116.086
 Number of Nodes with overlaps = 0

Router Utilization Summary
  Global Vertical Routing Utilization    = 0 %
  Global Horizontal Routing Utilization  = 0 %
  Routable Net Status*
  *Does not include unroutable nets such as driverless and loadless.
  Run report_route_status for detailed report.
  Number of Failed Nets               = 1329
    (Failed Nets is the sum of unrouted and partially routed nets)
  Number of Unrouted Nets             = 1329
  Number of Partially Routed Nets     = 0
  Number of Node Overlaps             = 0

Phase 2 Router Initialization | Checksum: 2fa67463b

Time (s): cpu = 00:00:08 ; elapsed = 00:00:20 . Memory (MB): peak = 2321.195 ; gain = 201.039

Phase 3 Initial Routing

Phase 3.1 Global Routing
Phase 3.1 Global Routing | Checksum: 2fa67463b

Time (s): cpu = 00:00:08 ; elapsed = 00:00:20 . Memory (MB): peak = 2321.195 ; gain = 201.039

Phase 3.2 Initial Net Routing
Phase 3.2 Initial Net Routing | Checksum: 269db9cbb

Time (s): cpu = 00:00:08 ; elapsed = 00:00:20 . Memory (MB): peak = 2321.195 ; gain = 201.039
Phase 3 Initial Routing | Checksum: 269db9cbb

Time (s): cpu = 00:00:08 ; elapsed = 00:00:20 . Memory (MB): peak = 2321.195 ; gain = 201.039

Phase 4 Rip-up And Reroute

Phase 4.1 Global Iteration 0
 Number of Nodes with overlaps = 96
 Number of Nodes with overlaps = 0
Phase 4.1 Global Iteration 0 | Checksum: 2ac366ad0

Time (s): cpu = 00:00:08 ; elapsed = 00:00:20 . Memory (MB): peak = 2321.195 ; gain = 201.039
Phase 4 Rip-up And Reroute | Checksum: 2ac366ad0

Time (s): cpu = 00:00:08 ; elapsed = 00:00:20 . Memory (MB): peak = 2321.195 ; gain = 201.039

Phase 5 Delay and Skew Optimization
Phase 5 Delay and Skew Optimization | Checksum: 2ac366ad0

Time (s): cpu = 00:00:08 ; elapsed = 00:00:20 . Memory (MB): peak = 2321.195 ; gain = 201.039

Phase 6 Post Hold Fix

Phase 6.1 Hold Fix Iter
Phase 6.1 Hold Fix Iter | Checksum: 2ac366ad0

Time (s): cpu = 00:00:08 ; elapsed = 00:00:20 . Memory (MB): peak = 2321.195 ; gain = 201.039
Phase 6 Post Hold Fix | Checksum: 2ac366ad0

Time (s): cpu = 00:00:08 ; elapsed = 00:00:20 . Memory (MB): peak = 2321.195 ; gain = 201.039

Phase 7 Route finalize

Router Utilization Summary
  Global Vertical Routing Utilization    = 0.151804 %
  Global Horizontal Routing Utilization  = 0.171 %
  Routable Net Status*
  *Does not include unroutable nets such as driverless and loadless.
  Run report_route_status for detailed report.
  Number of Failed Nets               = 0
    (Failed Nets is the sum of unrouted and partially routed nets)
  Number of Unrouted Nets             = 0
  Number of Partially Routed Nets     = 0
  Number of Node Overlaps             = 0


--GLOBAL Congestion:
Utilization threshold used for congestion level computation: 0.85
Congestion Report
North Dir 1x1 Area, Max Cong = 25.2252%, No Congested Regions.
South Dir 1x1 Area, Max Cong = 18.9189%, No Congested Regions.
East Dir 1x1 Area, Max Cong = 27.9412%, No Congested Regions.
West Dir 1x1 Area, Max Cong = 22.0588%, No Congested Regions.

------------------------------
Reporting congestion hotspots
------------------------------
Direction: North
----------------
Congested clusters found at Level 0
Effective congestion level: 0 Aspect Ratio: 1 Sparse Ratio: 0
Direction: South
----------------
Congested clusters found at Level 0
Effective congestion level: 0 Aspect Ratio: 1 Sparse Ratio: 0
Direction: East
----------------
Congested clusters found at Level 0
Effective congestion level: 0 Aspect Ratio: 1 Sparse Ratio: 0
Direction: West
----------------
Congested clusters found at Level 0
Effective congestion level: 0 Aspect Ratio: 1 Sparse Ratio: 0

Phase 7 Route finalize | Checksum: 2ac366ad0

Time (s): cpu = 00:00:08 ; elapsed = 00:00:21 . Memory (MB): peak = 2321.195 ; gain = 201.039

Phase 8 Verifying routed nets

 Verification completed successfully
Phase 8 Verifying routed nets | Checksum: 2ac366ad0

Time (s): cpu = 00:00:08 ; elapsed = 00:00:21 . Memory (MB): peak = 2321.195 ; gain = 201.039

Phase 9 Depositing Routes
Phase 9 Depositing Routes | Checksum: 2505d48c0

Time (s): cpu = 00:00:08 ; elapsed = 00:00:21 . Memory (MB): peak = 2321.195 ; gain = 201.039
INFO: [Route 35-16] Router Completed Successfully

Phase 10 Post-Route Event Processing
Phase 10 Post-Route Event Processing | Checksum: 10244244e

Time (s): cpu = 00:00:08 ; elapsed = 00:00:21 . Memory (MB): peak = 2321.195 ; gain = 201.039
Ending Routing Task | Checksum: 10244244e

Time (s): cpu = 00:00:08 ; elapsed = 00:00:21 . Memory (MB): peak = 2321.195 ; gain = 201.039

Routing Is Done.
INFO: [Common 17-83] Releasing license: Implementation
65 Infos, 1 Warnings, 1 Critical Warnings and 0 Errors encountered.
route_design completed successfully
route_design: Time (s): cpu = 00:00:08 ; elapsed = 00:00:21 . Memory (MB): peak = 2321.195 ; gain = 222.457
INFO: [runtcl-4] Executing : report_drc -file vga_drc_routed.rpt -pb vga_drc_routed.pb -rpx vga_drc_routed.rpx
Command: report_drc -file vga_drc_routed.rpt -pb vga_drc_routed.pb -rpx vga_drc_routed.rpx
INFO: [IP_Flow 19-1839] IP Catalog is up to date.
INFO: [DRC 23-27] Running DRC with 20 threads
INFO: [Vivado_Tcl 2-168] The results of DRC are in file C:/Users/james/Documents/vga/vga.runs/impl_1/vga_drc_routed.rpt.
report_drc completed successfully
INFO: [runtcl-4] Executing : report_methodology -file vga_methodology_drc_routed.rpt -pb vga_methodology_drc_routed.pb -rpx vga_methodology_drc_routed.rpx
Command: report_methodology -file vga_methodology_drc_routed.rpt -pb vga_methodology_drc_routed.pb -rpx vga_methodology_drc_routed.rpx
INFO: [Timing 38-35] Done setting XDC timing constraints.
INFO: [DRC 23-133] Running Methodology with 20 threads
INFO: [Vivado_Tcl 2-1520] The results of Report Methodology are in file C:/Users/james/Documents/vga/vga.runs/impl_1/vga_methodology_drc_routed.rpt.
report_methodology completed successfully
INFO: [runtcl-4] Executing : report_power -file vga_power_routed.rpt -pb vga_power_summary_routed.pb -rpx vga_power_routed.rpx
Command: report_power -file vga_power_routed.rpt -pb vga_power_summary_routed.pb -rpx vga_power_routed.rpx
INFO: [Timing 38-35] Done setting XDC timing constraints.
WARNING: [Power 33-232] No user defined clocks were found in the design! Power estimation will be inaccurate until this is corrected.
Resolution: Please specify clocks using create_clock/create_generated_clock for sequential elements. For pure combinatorial circuits, please specify a virtual clock, otherwise the vectorless estimation might be inaccurate
Running Vector-less Activity Propagation...

Finished Running Vector-less Activity Propagation
75 Infos, 2 Warnings, 1 Critical Warnings and 0 Errors encountered.
report_power completed successfully
INFO: [runtcl-4] Executing : report_route_status -file vga_route_status.rpt -pb vga_route_status.pb
INFO: [runtcl-4] Executing : report_timing_summary -max_paths 10 -report_unconstrained -file vga_timing_summary_routed.rpt -pb vga_timing_summary_routed.pb -rpx vga_timing_summary_routed.rpx -warn_on_violation 
INFO: [Timing 38-91] UpdateTimingParams: Speed grade: -1, Delay Type: min_max.
INFO: [Timing 38-191] Multithreading enabled for timing update using a maximum of 20 CPUs
WARNING: [Timing 38-313] There are no user specified timing constraints. Timing constraints are needed for proper timing analysis.
INFO: [runtcl-4] Executing : report_incremental_reuse -file vga_incremental_reuse_routed.rpt
INFO: [Vivado_Tcl 4-1062] Incremental flow is disabled. No incremental reuse Info to report.
INFO: [runtcl-4] Executing : report_clock_utilization -file vga_clock_utilization_routed.rpt
INFO: [runtcl-4] Executing : report_bus_skew -warn_on_violation -file vga_bus_skew_routed.rpt -pb vga_bus_skew_routed.pb -rpx vga_bus_skew_routed.rpx
INFO: [Timing 38-91] UpdateTimingParams: Speed grade: -1, Delay Type: min_max.
INFO: [Timing 38-191] Multithreading enabled for timing update using a maximum of 20 CPUs
INFO: [Timing 38-480] Writing timing data to binary archive.
Write ShapeDB Complete: Time (s): cpu = 00:00:00 ; elapsed = 00:00:00.003 . Memory (MB): peak = 2485.504 ; gain = 0.000
Wrote PlaceDB: Time (s): cpu = 00:00:00 ; elapsed = 00:00:00.063 . Memory (MB): peak = 2485.504 ; gain = 0.000
Wrote PulsedLatchDB: Time (s): cpu = 00:00:00 ; elapsed = 00:00:00 . Memory (MB): peak = 2485.504 ; gain = 0.000
Writing XDEF routing.
Writing XDEF routing logical nets.
Writing XDEF routing special nets.
Wrote RouteStorage: Time (s): cpu = 00:00:00 ; elapsed = 00:00:00.021 . Memory (MB): peak = 2485.504 ; gain = 0.000
Wrote Netlist Cache: Time (s): cpu = 00:00:00 ; elapsed = 00:00:00.001 . Memory (MB): peak = 2485.504 ; gain = 0.000
Wrote Device Cache: Time (s): cpu = 00:00:00 ; elapsed = 00:00:00.003 . Memory (MB): peak = 2485.504 ; gain = 0.000
Write Physdb Complete: Time (s): cpu = 00:00:00 ; elapsed = 00:00:00.092 . Memory (MB): peak = 2485.504 ; gain = 0.000
INFO: [Common 17-1381] The checkpoint 'C:/Users/james/Documents/vga/vga.runs/impl_1/vga_routed.dcp' has been generated.
Command: write_bitstream -force vga.bit
Attempting to get a license for feature 'Implementation' and/or device 'xc7a100t'
INFO: [Common 17-349] Got license for feature 'Implementation' and/or device 'xc7a100t'
Running DRC as a precondition to command write_bitstream
INFO: [IP_Flow 19-1839] IP Catalog is up to date.
INFO: [DRC 23-27] Running DRC with 20 threads
WARNING: [DRC CFGBVS-1] Missing CFGBVS and CONFIG_VOLTAGE Design Properties: Neither the CFGBVS nor CONFIG_VOLTAGE voltage property is set in the current_design.  Configuration bank voltage select (CFGBVS) must be set to VCCO or GND, and CONFIG_VOLTAGE must be set to the correct configuration voltage, in order to determine the I/O voltage support for the pins in bank 0.  It is suggested to specify these either using the 'Edit Device Properties' function in the GUI or directly in the XDC file using the following syntax:

 set_property CFGBVS value1 [current_design]
 #where value1 is either VCCO or GND

 set_property CONFIG_VOLTAGE value2 [current_design]
 #where value2 is the voltage provided to configuration bank 0

Refer to the device configuration user guide for more information.
INFO: [Vivado 12-3199] DRC finished with 0 Errors, 1 Warnings
INFO: [Vivado 12-3200] Please refer to the DRC report (report_drc) for more information.
INFO: [Designutils 20-2272] Running write_bitstream with 8 threads.
Loading data files...
Loading site data...
Loading route data...
Processing options...
Creating bitmap...
Creating bitstream...
Writing bitstream ./vga.bit...
INFO: [Vivado 12-1842] Bitgen Completed Successfully.
INFO: [Project 1-1876] WebTalk data collection is mandatory when using a ULT device. To see the specific WebTalk data collected for your design, open the usage_statistics_webtalk.html or usage_statistics_webtalk.xml file in the implementation directory.
INFO: [Common 17-83] Releasing license: Implementation
14 Infos, 1 Warnings, 0 Critical Warnings and 0 Errors encountered.
write_bitstream completed successfully
write_bitstream: Time (s): cpu = 00:00:04 ; elapsed = 00:00:08 . Memory (MB): peak = 2734.930 ; gain = 249.426
INFO: [Common 17-206] Exiting Vivado at Thu Apr 18 03:15:58 2024...
